<?xml version="1.0" encoding="UTF-8"?>
<testsuites name="jest tests" tests="1" failures="1" errors="0" time="3.367">
  <testsuite name="Assistant Tool Suggestion Integration" errors="0" failures="1" skipped="0" timestamp="2025-07-24T22:04:37" time="1.941" tests="1">
    <testcase classname="Assistant Tool Suggestion Integration should suggest who_do_i_know_at_company for company lookup" name="Assistant Tool Suggestion Integration should suggest who_do_i_know_at_company for company lookup" time="0.002">
      <failure>TypeError: Cannot read properties of null (reading &apos;addEventListener&apos;)
    at LinkedInAssistant.addEventListener [as initializeUI] (C:\Users\sidma\OneDrive\Code\LinkedIn Network\client.js:72:22)
    at new initializeUI (C:\Users\sidma\OneDrive\Code\LinkedIn Network\client.js:12:14)
    at Object.&lt;anonymous&gt; (C:\Users\sidma\OneDrive\Code\LinkedIn Network\test_client\assistantToolSuggestion.e2e.test.js:18:17)
    at Promise.then.completed (C:\Users\sidma\OneDrive\Code\LinkedIn Network\node_modules\jest-circus\build\utils.js:298:28)
    at new Promise (&lt;anonymous&gt;)
    at callAsyncCircusFn (C:\Users\sidma\OneDrive\Code\LinkedIn Network\node_modules\jest-circus\build\utils.js:231:10)
    at _callCircusHook (C:\Users\sidma\OneDrive\Code\LinkedIn Network\node_modules\jest-circus\build\run.js:281:40)
    at processTicksAndRejections (node:internal/process/task_queues:105:5)
    at _runTestsForDescribeBlock (C:\Users\sidma\OneDrive\Code\LinkedIn Network\node_modules\jest-circus\build\run.js:95:7)
    at _runTestsForDescribeBlock (C:\Users\sidma\OneDrive\Code\LinkedIn Network\node_modules\jest-circus\build\run.js:121:9)
    at run (C:\Users\sidma\OneDrive\Code\LinkedIn Network\node_modules\jest-circus\build\run.js:71:3)
    at runAndTransformResultsToJestFormat (C:\Users\sidma\OneDrive\Code\LinkedIn Network\node_modules\jest-circus\build\legacy-code-todo-rewrite\jestAdapterInit.js:122:21)
    at jestAdapter (C:\Users\sidma\OneDrive\Code\LinkedIn Network\node_modules\jest-circus\build\legacy-code-todo-rewrite\jestAdapter.js:79:19)
    at runTestInternal (C:\Users\sidma\OneDrive\Code\LinkedIn Network\node_modules\jest-runner\build\runTest.js:367:16)
    at runTest (C:\Users\sidma\OneDrive\Code\LinkedIn Network\node_modules\jest-runner\build\runTest.js:444:34)</failure>
    </testcase>
  </testsuite>
</testsuites>